# JRE version: Java(TM) SE Runtime Environment (7.0_79-b15) (build 1.7.0_79-b15)
# Java VM: Java HotSpot(TM) 64-Bit Server VM (24.79-b02 mixed mode windows-amd64 compressed oops)
Heap
 PSYoungGen      total 296960K, used 100541K [0x00000000eaa80000, 0x00000000ff480000, 0x0000000100000000)
  eden space 266752K, 28% used [0x00000000eaa80000,0x00000000ef3b8d58,0x00000000faf00000)
  from space 30208K, 84% used [0x00000000fd000000,0x00000000fe8f68e8,0x00000000fed80000)
  to   space 33792K, 0% used [0x00000000faf00000,0x00000000faf00000,0x00000000fd000000)
 ParOldGen       total 87040K, used 47329K [0x00000000c0000000, 0x00000000c5500000, 0x00000000eaa80000)
  object space 87040K, 54% used [0x00000000c0000000,0x00000000c2e38460,0x00000000c5500000)
 PSPermGen       total 21504K, used 6220K [0x00000000bae00000, 0x00000000bc300000, 0x00000000c0000000)
  object space 21504K, 28% used [0x00000000bae00000,0x00000000bb413108,0x00000000bc300000)
GC Heap History (10 events):
Event: 5.788 GC heap before
{Heap before GC invocations=2 (full 0):
 PSYoungGen      total 38912K, used 38745K [0x00000000eaa80000, 0x00000000ef680000, 0x0000000100000000)
  eden space 33792K, 100% used [0x00000000eaa80000,0x00000000ecb80000,0x00000000ecb80000)
  from space 5120K, 96% used [0x00000000ecb80000,0x00000000ed056770,0x00000000ed080000)
  to   space 5120K, 0% used [0x00000000ef180000,0x00000000ef180000,0x00000000ef680000)
 ParOldGen       total 87040K, used 0K [0x00000000c0000000, 0x00000000c5500000, 0x00000000eaa80000)
  object space 87040K, 0% used [0x00000000c0000000,0x00000000c0000000,0x00000000c5500000)
 PSPermGen       total 21504K, used 5903K [0x00000000bae00000, 0x00000000bc300000, 0x00000000c0000000)
  object space 21504K, 27% used [0x00000000bae00000,0x00000000bb3c3c00,0x00000000bc300000)
Event: 6.336 GC heap after
Heap after GC invocations=2 (full 0):
 PSYoungGen      total 72704K, used 5098K [0x00000000eaa80000, 0x00000000ef680000, 0x0000000100000000)
  eden space 67584K, 0% used [0x00000000eaa80000,0x00000000eaa80000,0x00000000eec80000)
  from space 5120K, 99% used [0x00000000ef180000,0x00000000ef67a8d0,0x00000000ef680000)
  to   space 5120K, 0% used [0x00000000eec80000,0x00000000eec80000,0x00000000ef180000)
 ParOldGen       total 87040K, used 2671K [0x00000000c0000000, 0x00000000c5500000, 0x00000000eaa80000)
  object space 87040K, 3% used [0x00000000c0000000,0x00000000c029bf40,0x00000000c5500000)
 PSPermGen       total 21504K, used 5903K [0x00000000bae00000, 0x00000000bc300000, 0x00000000c0000000)
  object space 21504K, 27% used [0x00000000bae00000,0x00000000bb3c3c00,0x00000000bc300000)
}
Event: 17.144 GC heap before
{Heap before GC invocations=3 (full 0):
 PSYoungGen      total 72704K, used 72682K [0x00000000eaa80000, 0x00000000ef680000, 0x0000000100000000)
  eden space 67584K, 100% used [0x00000000eaa80000,0x00000000eec80000,0x00000000eec80000)
  from space 5120K, 99% used [0x00000000ef180000,0x00000000ef67a8d0,0x00000000ef680000)
  to   space 5120K, 0% used [0x00000000eec80000,0x00000000eec80000,0x00000000ef180000)
 ParOldGen       total 87040K, used 2671K [0x00000000c0000000, 0x00000000c5500000, 0x00000000eaa80000)
  object space 87040K, 3% used [0x00000000c0000000,0x00000000c029bf40,0x00000000c5500000)
 PSPermGen       total 21504K, used 5974K [0x00000000bae00000, 0x00000000bc300000, 0x00000000c0000000)
  object space 21504K, 27% used [0x00000000bae00000,0x00000000bb3d59a8,0x00000000bc300000)
Event: 18.583 GC heap after
Heap after GC invocations=3 (full 0):
 PSYoungGen      total 72704K, used 5106K [0x00000000eaa80000, 0x00000000f3880000, 0x0000000100000000)
  eden space 67584K, 0% used [0x00000000eaa80000,0x00000000eaa80000,0x00000000eec80000)
  from space 5120K, 99% used [0x00000000eec80000,0x00000000ef17c8e0,0x00000000ef180000)
  to   space 5120K, 0% used [0x00000000f3380000,0x00000000f3380000,0x00000000f3880000)
 ParOldGen       total 87040K, used 14303K [0x00000000c0000000, 0x00000000c5500000, 0x00000000eaa80000)
  object space 87040K, 16% used [0x00000000c0000000,0x00000000c0df7c18,0x00000000c5500000)
 PSPermGen       total 21504K, used 5974K [0x00000000bae00000, 0x00000000bc300000, 0x00000000c0000000)
  object space 21504K, 27% used [0x00000000bae00000,0x00000000bb3d59a8,0x00000000bc300000)
}
Event: 19.385 GC heap before
{Heap before GC invocations=4 (full 0):
 PSYoungGen      total 72704K, used 72690K [0x00000000eaa80000, 0x00000000f3880000, 0x0000000100000000)
  eden space 67584K, 100% used [0x00000000eaa80000,0x00000000eec80000,0x00000000eec80000)
  from space 5120K, 99% used [0x00000000eec80000,0x00000000ef17c8e0,0x00000000ef180000)
  to   space 5120K, 0% used [0x00000000f3380000,0x00000000f3380000,0x00000000f3880000)
 ParOldGen       total 87040K, used 14303K [0x00000000c0000000, 0x00000000c5500000, 0x00000000eaa80000)
  object space 87040K, 16% used [0x00000000c0000000,0x00000000c0df7c18,0x00000000c5500000)
 PSPermGen       total 21504K, used 6014K [0x00000000bae00000, 0x00000000bc300000, 0x00000000c0000000)
  object space 21504K, 27% used [0x00000000bae00000,0x00000000bb3df840,0x00000000bc300000)
Event: 19.838 GC heap after
Heap after GC invocations=4 (full 0):
 PSYoungGen      total 140288K, used 5114K [0x00000000eaa80000, 0x00000000f3880000, 0x0000000100000000)
  eden space 135168K, 0% used [0x00000000eaa80000,0x00000000eaa80000,0x00000000f2e80000)
  from space 5120K, 99% used [0x00000000f3380000,0x00000000f387e968,0x00000000f3880000)
  to   space 5120K, 0% used [0x00000000f2e80000,0x00000000f2e80000,0x00000000f3380000)
 ParOldGen       total 87040K, used 26355K [0x00000000c0000000, 0x00000000c5500000, 0x00000000eaa80000)
  object space 87040K, 30% used [0x00000000c0000000,0x00000000c19bcc58,0x00000000c5500000)
 PSPermGen       total 21504K, used 6014K [0x00000000bae00000, 0x00000000bc300000, 0x00000000c0000000)
  object space 21504K, 27% used [0x00000000bae00000,0x00000000bb3df840,0x00000000bc300000)
}
Event: 21.095 GC heap before
{Heap before GC invocations=5 (full 0):
 PSYoungGen      total 140288K, used 140282K [0x00000000eaa80000, 0x00000000f3880000, 0x0000000100000000)
  eden space 135168K, 100% used [0x00000000eaa80000,0x00000000f2e80000,0x00000000f2e80000)
  from space 5120K, 99% used [0x00000000f3380000,0x00000000f387e968,0x00000000f3880000)
  to   space 5120K, 0% used [0x00000000f2e80000,0x00000000f2e80000,0x00000000f3380000)
 ParOldGen       total 87040K, used 26355K [0x00000000c0000000, 0x00000000c5500000, 0x00000000eaa80000)
  object space 87040K, 30% used [0x00000000c0000000,0x00000000c19bcc58,0x00000000c5500000)
 PSPermGen       total 21504K, used 6098K [0x00000000bae00000, 0x00000000bc300000, 0x00000000c0000000)
  object space 21504K, 28% used [0x00000000bae00000,0x00000000bb3f4af0,0x00000000bc300000)
Event: 21.251 GC heap after
Heap after GC invocations=5 (full 0):
 PSYoungGen      total 140288K, used 5105K [0x00000000eaa80000, 0x00000000fed80000, 0x0000000100000000)
  eden space 135168K, 0% used [0x00000000eaa80000,0x00000000eaa80000,0x00000000f2e80000)
  from space 5120K, 99% used [0x00000000f2e80000,0x00000000f337c518,0x00000000f3380000)
  to   space 30208K, 0% used [0x00000000fd000000,0x00000000fd000000,0x00000000fed80000)
 ParOldGen       total 87040K, used 47329K [0x00000000c0000000, 0x00000000c5500000, 0x00000000eaa80000)
  object space 87040K, 54% used [0x00000000c0000000,0x00000000c2e38460,0x00000000c5500000)
 PSPermGen       total 21504K, used 6098K [0x00000000bae00000, 0x00000000bc300000, 0x00000000c0000000)
  object space 21504K, 28% used [0x00000000bae00000,0x00000000bb3f4af0,0x00000000bc300000)
}
Event: 22.071 GC heap before
{Heap before GC invocations=6 (full 0):
 PSYoungGen      total 140288K, used 140273K [0x00000000eaa80000, 0x00000000fed80000, 0x0000000100000000)
  eden space 135168K, 100% used [0x00000000eaa80000,0x00000000f2e80000,0x00000000f2e80000)
  from space 5120K, 99% used [0x00000000f2e80000,0x00000000f337c518,0x00000000f3380000)
  to   space 30208K, 0% used [0x00000000fd000000,0x00000000fd000000,0x00000000fed80000)
 ParOldGen       total 87040K, used 47329K [0x00000000c0000000, 0x00000000c5500000, 0x00000000eaa80000)
  object space 87040K, 54% used [0x00000000c0000000,0x00000000c2e38460,0x00000000c5500000)
 PSPermGen       total 21504K, used 6121K [0x00000000bae00000, 0x00000000bc300000, 0x00000000c0000000)
  object space 21504K, 28% used [0x00000000bae00000,0x00000000bb3fa428,0x00000000bc300000)
Event: 22.139 GC heap after
Heap after GC invocations=6 (full 0):
 PSYoungGen      total 296960K, used 25562K [0x00000000eaa80000, 0x00000000ff480000, 0x0000000100000000)
  eden space 266752K, 0% used [0x00000000eaa80000,0x00000000eaa80000,0x00000000faf00000)
  from space 30208K, 84% used [0x00000000fd000000,0x00000000fe8f68e8,0x00000000fed80000)
  to   space 33792K, 0% used [0x00000000faf00000,0x00000000faf00000,0x00000000fd000000)
 ParOldGen       total 87040K, used 47329K [0x00000000c0000000, 0x00000000c5500000, 0x00000000eaa80000)
  object space 87040K, 54% used [0x00000000c0000000,0x00000000c2e38460,0x00000000c5500000)
 PSPermGen       total 21504K, used 6121K [0x00000000bae00000, 0x00000000bc300000, 0x00000000c0000000)
  object space 21504K, 28% used [0x00000000bae00000,0x00000000bb3fa428,0x00000000bc300000)
}

